#! /usr/local/bin/vvp
:ivl_version "11.0 (stable)" "(v11_0-132-gb2f2414f4)";
:ivl_delay_selection "TYPICAL";
:vpi_time_precision + 0;
:vpi_module "/usr/local/lib/ivl/system.vpi";
:vpi_module "/usr/local/lib/ivl/vhdl_sys.vpi";
:vpi_module "/usr/local/lib/ivl/vhdl_textio.vpi";
:vpi_module "/usr/local/lib/ivl/v2005_math.vpi";
:vpi_module "/usr/local/lib/ivl/va_math.vpi";
S_0x55cf47cefdb0 .scope module, "q_measurement" "q_measurement" 2 1;
 .timescale 0 0;
    .port_info 0 /INPUT 1 "q_serialized";
    .port_info 1 /INPUT 1 "clk";
    .port_info 2 /INPUT 1 "start";
    .port_info 3 /OUTPUT 1 "ready";
    .port_info 4 /OUTPUT 10 "measured_q";
P_0x55cf47cf10d0 .param/l "Q_PER_PULSE" 0 2 4, +C4<00000000000000000000000000011110>;
P_0x55cf47cf1110 .param/l "WIDTH" 0 2 2, +C4<00000000000000000000000000001010>;
P_0x55cf47cf1150 .param/l "WTD_WIDTH" 0 2 3, +C4<00000000000000000000000000000010>;
o0x7f0c8586f018 .functor BUFZ 1, C4<z>; HiZ drive
v0x55cf47cf00e0_0 .net "clk", 0 0, o0x7f0c8586f018;  0 drivers
v0x55cf47d3bea0_0 .var "measured_q", 9 0;
v0x55cf47d3bf80_0 .var "q_pulses_count", 2 0;
o0x7f0c8586f0a8 .functor BUFZ 1, C4<z>; HiZ drive
v0x55cf47d3c070_0 .net "q_serialized", 0 0, o0x7f0c8586f0a8;  0 drivers
v0x55cf47d3c130_0 .var "ready", 0 0;
o0x7f0c8586f108 .functor BUFZ 1, C4<z>; HiZ drive
v0x55cf47d3c240_0 .net "start", 0 0, o0x7f0c8586f108;  0 drivers
v0x55cf47d3c300_0 .var "wtd", 1 0;
E_0x55cf47d28b90 .event posedge, v0x55cf47d3c070_0;
E_0x55cf47d29a90 .event posedge, v0x55cf47cf00e0_0;
    .scope S_0x55cf47cefdb0;
T_0 ;
    %wait E_0x55cf47d29a90;
    %load/vec4 v0x55cf47d3c240_0;
    %nor/r;
    %flag_set/vec4 8;
    %jmp/0xz  T_0.0, 8;
    %pushi/vec4 0, 0, 1;
    %assign/vec4 v0x55cf47d3c130_0, 0;
    %pushi/vec4 0, 0, 3;
    %assign/vec4 v0x55cf47d3bf80_0, 0;
    %pushi/vec4 3, 0, 2;
    %assign/vec4 v0x55cf47d3c300_0, 0;
    %jmp T_0.1;
T_0.0 ;
    %load/vec4 v0x55cf47d3c070_0;
    %flag_set/vec4 8;
    %jmp/0xz  T_0.2, 8;
    %pushi/vec4 3, 0, 2;
    %assign/vec4 v0x55cf47d3c300_0, 0;
T_0.2 ;
    %load/vec4 v0x55cf47d3c300_0;
    %nor/r;
    %flag_set/vec4 8;
    %jmp/0xz  T_0.4, 8;
    %pushi/vec4 1, 0, 1;
    %assign/vec4 v0x55cf47d3c130_0, 0;
    %jmp T_0.5;
T_0.4 ;
    %load/vec4 v0x55cf47d3c300_0;
    %subi 1, 0, 2;
    %assign/vec4 v0x55cf47d3c300_0, 0;
T_0.5 ;
    %load/vec4 v0x55cf47d3c130_0;
    %flag_set/vec4 8;
    %jmp/0xz  T_0.6, 8;
    %load/vec4 v0x55cf47d3bf80_0;
    %pad/u 32;
    %muli 30, 0, 32;
    %pad/u 10;
    %assign/vec4 v0x55cf47d3bea0_0, 0;
T_0.6 ;
T_0.1 ;
    %jmp T_0;
    .thread T_0;
    .scope S_0x55cf47cefdb0;
T_1 ;
    %wait E_0x55cf47d28b90;
    %pushi/vec4 3, 0, 2;
    %assign/vec4 v0x55cf47d3c300_0, 0;
    %load/vec4 v0x55cf47d3bf80_0;
    %addi 1, 0, 3;
    %assign/vec4 v0x55cf47d3bf80_0, 0;
    %jmp T_1;
    .thread T_1;
# The file index is used to find the file name in the following table.
:file_names 3;
    "N/A";
    "<interactive>";
    "/home/pesadaum/work/tcc/src/asic/measure/q_measurement.v";
