#! /usr/local/bin/vvp
:ivl_version "11.0 (stable)" "(v11_0-132-gb2f2414f4)";
:ivl_delay_selection "TYPICAL";
:vpi_time_precision + 0;
:vpi_module "/usr/local/lib/ivl/system.vpi";
:vpi_module "/usr/local/lib/ivl/vhdl_sys.vpi";
:vpi_module "/usr/local/lib/ivl/vhdl_textio.vpi";
:vpi_module "/usr/local/lib/ivl/v2005_math.vpi";
:vpi_module "/usr/local/lib/ivl/va_math.vpi";
:vpi_module "/usr/local/lib/ivl/v2009.vpi";
S_0x5623e9527030 .scope package, "$unit" "$unit" 2 1;
 .timescale 0 0;
S_0x5623e95271c0 .scope module, "setup_completed_tb" "setup_completed_tb" 3 1;
 .timescale 0 0;
P_0x5623e9527350 .param/l "WIDTH" 1 3 2, +C4<00000000000000000000000000001010>;
v0x5623e9576000_0 .var/2u "completed", 0 0;
v0x5623e95760e0_0 .var "i_ref", 9 0;
v0x5623e95761c0_0 .var "i_ref_out", 9 0;
v0x5623e95762b0_0 .var "i_ref_setup", 9 0;
E_0x5623e955fd80 .event edge, v0x5623e9576000_0, v0x5623e95762b0_0;
S_0x5623e95504f0 .scope begin, "setup" "setup" 3 11, 3 11 0, S_0x5623e95271c0;
 .timescale 0 0;
S_0x5623e95506d0 .scope task, "show" "show" 3 27, 3 27 0, S_0x5623e95271c0;
 .timescale 0 0;
TD_setup_completed_tb.show ;
    %vpi_call/w 3 28 "$display", "At time %3d: i_ref=%4d, i_ref_setup=%4d, i_ref_out=%4d, completed=%b", $time, v0x5623e95760e0_0, v0x5623e95762b0_0, v0x5623e95761c0_0, v0x5623e9576000_0 {0 0 0};
    %end;
S_0x5623e95508b0 .scope begin, "tb" "tb" 3 17, 3 17 0, S_0x5623e95271c0;
 .timescale 0 0;
S_0x5623e9550ac0 .scope begin, "$ivl_for_loop0" "$ivl_for_loop0" 3 19, 3 19 0, S_0x5623e95508b0;
 .timescale 0 0;
v0x5623e9550ca0_0 .var/2s "i", 31 0;
    .scope S_0x5623e95271c0;
T_1 ;
    %fork t_1, S_0x5623e95504f0;
    %jmp t_0;
    .scope S_0x5623e95504f0;
t_1 ;
    %pushi/vec4 341, 0, 10;
    %store/vec4 v0x5623e95760e0_0, 0, 10;
    %pushi/vec4 1023, 0, 10;
    %store/vec4 v0x5623e95762b0_0, 0, 10;
    %pushi/vec4 0, 0, 1;
    %store/vec4 v0x5623e9576000_0, 0, 1;
    %end;
    .scope S_0x5623e95271c0;
t_0 %join;
    %end;
    .thread T_1;
    .scope S_0x5623e95271c0;
T_2 ;
    %fork t_3, S_0x5623e95508b0;
    %jmp t_2;
    .scope S_0x5623e95508b0;
t_3 ;
    %fork t_5, S_0x5623e9550ac0;
    %jmp t_4;
    .scope S_0x5623e9550ac0;
t_5 ;
    %pushi/vec4 0, 0, 32;
    %store/vec4 v0x5623e9550ca0_0, 0, 32;
T_2.0 ;
    %load/vec4 v0x5623e9550ca0_0;
    %cmpi/s 75, 0, 32;
    %jmp/0xz T_2.1, 5;
    %delay 1, 0;
    %load/vec4 v0x5623e95762b0_0;
    %pad/u 32;
    %load/vec4 v0x5623e9550ca0_0;
    %muli 2, 0, 32;
    %sub;
    %pad/u 10;
    %store/vec4 v0x5623e95762b0_0, 0, 10;
    %load/vec4 v0x5623e9550ca0_0;
    %cmpi/e 25, 0, 32;
    %jmp/0xz  T_2.2, 4;
    %delay 1, 0;
    %pushi/vec4 1, 0, 1;
    %store/vec4 v0x5623e9576000_0, 0, 1;
T_2.2 ;
    %load/vec4 v0x5623e9550ca0_0;
    %cmpi/e 55, 0, 32;
    %jmp/0xz  T_2.4, 4;
    %delay 1, 0;
    %pushi/vec4 0, 0, 1;
    %store/vec4 v0x5623e9576000_0, 0, 1;
T_2.4 ;
    ; show_stmt_assign_vector: Get l-value for compressed += operand
    %load/vec4 v0x5623e9550ca0_0;
    %pushi/vec4 1, 0, 32;
    %add;
    %cast2;
    %store/vec4 v0x5623e9550ca0_0, 0, 32;
    %jmp T_2.0;
T_2.1 ;
    %end;
    .scope S_0x5623e95508b0;
t_4 %join;
    %end;
    .scope S_0x5623e95271c0;
t_2 %join;
    %end;
    .thread T_2;
    .scope S_0x5623e95271c0;
T_3 ;
    %wait E_0x5623e955fd80;
    %fork TD_setup_completed_tb.show, S_0x5623e95506d0;
    %join;
    %jmp T_3;
    .thread T_3, $push;
# The file index is used to find the file name in the following table.
:file_names 4;
    "N/A";
    "<interactive>";
    "-";
    "/home/pesadaum/work/tcc/src/asic/setup_completed/setup_completed_tb.sv";
