#! /usr/local/bin/vvp
:ivl_version "11.0 (stable)" "(v11_0-132-gb2f2414f4)";
:ivl_delay_selection "TYPICAL";
:vpi_time_precision + 0;
:vpi_module "/usr/local/lib/ivl/system.vpi";
:vpi_module "/usr/local/lib/ivl/vhdl_sys.vpi";
:vpi_module "/usr/local/lib/ivl/vhdl_textio.vpi";
:vpi_module "/usr/local/lib/ivl/v2005_math.vpi";
:vpi_module "/usr/local/lib/ivl/va_math.vpi";
:vpi_module "/usr/local/lib/ivl/v2009.vpi";
S_0x5610286f9db0 .scope package, "$unit" "$unit" 2 1;
 .timescale 0 0;
S_0x5610286f9f40 .scope module, "secant_ctrl" "secant_ctrl" 3 1;
 .timescale 0 0;
    .port_info 0 /INPUT 1 "ready";
    .port_info 1 /INPUT 1 "clk";
    .port_info 2 /INPUT 10 "desired_q";
    .port_info 3 /INPUT 10 "q_measured";
    .port_info 4 /OUTPUT 10 "i_ref";
P_0x5610286fac70 .param/l "MAX_ITER" 0 3 2, +C4<00000000000000000000000000000010>;
P_0x5610286facb0 .param/l "TOL" 0 3 4, +C4<00000000000000000000000000011110>;
P_0x5610286facf0 .param/l "WIDTH" 0 3 3, +C4<00000000000000000000000000001010>;
v0x56102874d010_0 .var "a", 9 0;
v0x56102874d110_0 .var "b", 9 0;
v0x56102874d1f0_0 .var "c", 9 0;
o0x7f0d6f8460d8 .functor BUFZ 1, C4<z>; HiZ drive
v0x56102874d2e0_0 .net "clk", 0 0, o0x7f0d6f8460d8;  0 drivers
v0x56102874d3a0_0 .var "clk_enb", 0 0;
v0x56102874d4b0_0 .var "converged", 0 0;
o0x7f0d6f846168 .functor BUFZ 10, C4<zzzzzzzzzz>; HiZ drive
v0x56102874d570_0 .net "desired_q", 9 0, o0x7f0d6f846168;  0 drivers
v0x56102874d650_0 .var "f_a", 9 0;
v0x56102874d730_0 .var "f_b", 9 0;
v0x56102874d810_0 .var "f_c", 9 0;
v0x56102874d8f0_0 .var "i_ref", 9 0;
v0x56102874d9d0_0 .var "iter", 9 0;
o0x7f0d6f846288 .functor BUFZ 10, C4<zzzzzzzzzz>; HiZ drive
v0x56102874dab0_0 .net "q_measured", 9 0, o0x7f0d6f846288;  0 drivers
o0x7f0d6f8462b8 .functor BUFZ 1, C4<z>; HiZ drive
v0x56102874db90_0 .net "ready", 0 0, o0x7f0d6f8462b8;  0 drivers
v0x56102874dc50_0 .var "slope", 9 0;
E_0x5610286fa590/0 .event edge, v0x56102874d1f0_0, v0x56102874d110_0, v0x56102874d010_0;
E_0x5610286fa590/1 .event posedge, v0x56102874d3a0_0;
E_0x5610286fa590 .event/or E_0x5610286fa590/0, E_0x5610286fa590/1;
E_0x561028734410 .event edge, v0x56102874d2e0_0, v0x56102874d4b0_0;
S_0x561028723ff0 .scope begin, "secant" "secant" 3 49, 3 49 0, S_0x5610286f9f40;
 .timescale 0 0;
v0x561028724180_0 .var "error", 9 0;
    .scope S_0x5610286f9f40;
T_0 ;
    %pushi/vec4 0, 0, 1;
    %store/vec4 v0x56102874d4b0_0, 0, 1;
    %pushi/vec4 1, 0, 1;
    %store/vec4 v0x56102874d3a0_0, 0, 1;
    %end;
    .thread T_0, $init;
    .scope S_0x5610286f9f40;
T_1 ;
    %pushi/vec4 0, 0, 10;
    %store/vec4 v0x56102874d010_0, 0, 10;
    %pushi/vec4 1, 0, 10;
    %store/vec4 v0x56102874d110_0, 0, 10;
    %pushi/vec4 0, 0, 10;
    %store/vec4 v0x56102874d1f0_0, 0, 10;
    %pushi/vec4 0, 0, 10;
    %store/vec4 v0x56102874d650_0, 0, 10;
    %pushi/vec4 0, 0, 10;
    %store/vec4 v0x56102874d730_0, 0, 10;
    %pushi/vec4 0, 0, 10;
    %store/vec4 v0x56102874d810_0, 0, 10;
    %pushi/vec4 0, 0, 10;
    %store/vec4 v0x56102874dc50_0, 0, 10;
    %pushi/vec4 1, 0, 10;
    %store/vec4 v0x56102874d9d0_0, 0, 10;
    %pushi/vec4 0, 0, 1;
    %store/vec4 v0x56102874d4b0_0, 0, 1;
    %end;
    .thread T_1;
    .scope S_0x5610286f9f40;
T_2 ;
    %wait E_0x561028734410;
    %load/vec4 v0x56102874d2e0_0;
    %flag_set/vec4 8;
    %flag_get/vec4 8;
    %jmp/0 T_2.0, 8;
    %load/vec4 v0x56102874d4b0_0;
    %inv;
    %and;
T_2.0;
    %store/vec4 v0x56102874d3a0_0, 0, 1;
    %jmp T_2;
    .thread T_2, $push;
    .scope S_0x5610286f9f40;
T_3 ;
    %wait E_0x5610286fa590;
    %fork t_1, S_0x561028723ff0;
    %jmp t_0;
    .scope S_0x561028723ff0;
t_1 ;
    %load/vec4 v0x56102874db90_0;
    %nor/r;
    %flag_set/vec4 8;
    %jmp/0xz  T_3.0, 8;
    %pushi/vec4 0, 0, 10;
    %store/vec4 v0x56102874d1f0_0, 0, 10;
    %jmp T_3.1;
T_3.0 ;
    %pushi/vec4 0, 0, 10;
    %store/vec4 v0x56102874d9d0_0, 0, 10;
T_3.2 ;
    %load/vec4 v0x56102874d9d0_0;
    %pad/u 32;
    %cmpi/u 2, 0, 32;
    %jmp/0xz T_3.3, 5;
    %load/vec4 v0x56102874d010_0;
    %store/vec4 v0x56102874d8f0_0, 0, 10;
    %load/vec4 v0x56102874dab0_0;
    %store/vec4 v0x56102874d650_0, 0, 10;
    %load/vec4 v0x56102874d110_0;
    %store/vec4 v0x56102874d8f0_0, 0, 10;
    %load/vec4 v0x56102874dab0_0;
    %store/vec4 v0x56102874d730_0, 0, 10;
    %load/vec4 v0x56102874d730_0;
    %load/vec4 v0x56102874d650_0;
    %sub;
    %load/vec4 v0x56102874d110_0;
    %load/vec4 v0x56102874d010_0;
    %sub;
    %div;
    %store/vec4 v0x56102874dc50_0, 0, 10;
    %load/vec4 v0x56102874d110_0;
    %load/vec4 v0x56102874d730_0;
    %load/vec4 v0x56102874d570_0;
    %sub;
    %load/vec4 v0x56102874dc50_0;
    %div;
    %sub;
    %store/vec4 v0x56102874d1f0_0, 0, 10;
    %load/vec4 v0x56102874d110_0;
    %store/vec4 v0x56102874d010_0, 0, 10;
    %load/vec4 v0x56102874d1f0_0;
    %store/vec4 v0x56102874d110_0, 0, 10;
    %load/vec4 v0x56102874d1f0_0;
    %store/vec4 v0x56102874d8f0_0, 0, 10;
    %load/vec4 v0x56102874dab0_0;
    %store/vec4 v0x56102874d810_0, 0, 10;
    %load/vec4 v0x56102874d810_0;
    %load/vec4 v0x56102874d570_0;
    %sub;
    %store/vec4 v0x561028724180_0, 0, 10;
    %load/vec4 v0x561028724180_0;
    %pad/u 32;
    %cmpi/u 0, 0, 32;
    %flag_or 5, 4; GT is !LE
    %flag_inv 5;
    %flag_mov 8, 5;
    %jmp/0 T_3.4, 8;
    %load/vec4 v0x561028724180_0;
    %jmp/1 T_3.5, 8;
T_3.4 ; End of true expr.
    %load/vec4 v0x561028724180_0;
    %inv;
    %pushi/vec4 1, 0, 10;
    %add;
    %jmp/0 T_3.5, 8;
 ; End of false expr.
    %blend;
T_3.5;
    %store/vec4 v0x561028724180_0, 0, 10;
    %load/vec4 v0x561028724180_0;
    %pad/u 32;
    %cmpi/u 30, 0, 32;
    %jmp/0xz  T_3.6, 5;
    %pushi/vec4 1, 0, 1;
    %store/vec4 v0x56102874d4b0_0, 0, 1;
T_3.6 ;
    %load/vec4 v0x56102874d9d0_0;
    %addi 1, 0, 10;
    %store/vec4 v0x56102874d9d0_0, 0, 10;
    %jmp T_3.2;
T_3.3 ;
T_3.1 ;
    %end;
    .scope S_0x5610286f9f40;
t_0 %join;
    %jmp T_3;
    .thread T_3;
# The file index is used to find the file name in the following table.
:file_names 4;
    "N/A";
    "<interactive>";
    "-";
    "/home/pesadaum/work/tcc/prototype/chip/control/secant.v";
