#! /usr/local/bin/vvp
:ivl_version "11.0 (stable)" "(v11_0-132-gb2f2414f4)";
:ivl_delay_selection "TYPICAL";
:vpi_time_precision - 12;
:vpi_module "/usr/local/lib/ivl/system.vpi";
:vpi_module "/usr/local/lib/ivl/vhdl_sys.vpi";
:vpi_module "/usr/local/lib/ivl/vhdl_textio.vpi";
:vpi_module "/usr/local/lib/ivl/v2005_math.vpi";
:vpi_module "/usr/local/lib/ivl/va_math.vpi";
S_0x5650292cee20 .scope module, "pulse_generator" "pulse_generator" 2 3;
 .timescale -9 -12;
    .port_info 0 /INPUT 1 "enab";
    .port_info 1 /OUTPUT 1 "pulses";
P_0x5650292f3960 .param/l "N_PULSES" 0 2 4, +C4<00000000000000000000000000001010>;
P_0x5650292f39a0 .param/l "PULSE_DUR" 0 2 5, +C4<00000000000000000000000000001010>;
o0x7fe834a6f018 .functor BUFZ 1, C4<z>; HiZ drive
v0x5650292cf0c0_0 .net "enab", 0 0, o0x7fe834a6f018;  0 drivers
v0x5650293187d0_0 .var "pulses", 0 0;
v0x565029318890_0 .var "start_pulse", 0 0;
E_0x565029306e60 .event posedge, v0x565029318890_0;
E_0x5650292f1c20 .event posedge, v0x5650292cf0c0_0;
    .scope S_0x5650292cee20;
T_0 ;
    %pushi/vec4 0, 0, 1;
    %store/vec4 v0x565029318890_0, 0, 1;
    %end;
    .thread T_0;
    .scope S_0x5650292cee20;
T_1 ;
    %pushi/vec4 0, 0, 1;
    %assign/vec4 v0x5650293187d0_0, 0;
    %pushi/vec4 0, 0, 1;
    %assign/vec4 v0x565029318890_0, 0;
    %end;
    .thread T_1;
    .scope S_0x5650292cee20;
T_2 ;
    %wait E_0x5650292f1c20;
    %load/vec4 v0x5650292cf0c0_0;
    %flag_set/vec4 8;
    %jmp/0xz  T_2.0, 8;
    %delay 10000, 0;
    %pushi/vec4 1, 0, 1;
    %store/vec4 v0x565029318890_0, 0, 1;
    %jmp T_2.1;
T_2.0 ;
    %delay 10000, 0;
    %pushi/vec4 0, 0, 1;
    %store/vec4 v0x565029318890_0, 0, 1;
T_2.1 ;
    %jmp T_2;
    .thread T_2;
    .scope S_0x5650292cee20;
T_3 ;
    %wait E_0x565029306e60;
    %load/vec4 v0x565029318890_0;
    %flag_set/vec4 8;
    %jmp/0xz  T_3.0, 8;
    %pushi/vec4 1, 0, 1;
    %store/vec4 v0x5650293187d0_0, 0, 1;
T_3.0 ;
T_3.2 ;
    %load/vec4 v0x565029318890_0;
    %flag_set/vec4 8;
    %jmp/0xz T_3.3, 8;
    %delay 5000, 0;
    %pushi/vec4 0, 0, 1;
    %store/vec4 v0x5650293187d0_0, 0, 1;
    %delay 10000, 0;
    %pushi/vec4 1, 0, 1;
    %store/vec4 v0x5650293187d0_0, 0, 1;
    %jmp T_3.2;
T_3.3 ;
    %pushi/vec4 0, 0, 1;
    %store/vec4 v0x5650293187d0_0, 0, 1;
    %jmp T_3;
    .thread T_3;
# The file index is used to find the file name in the following table.
:file_names 3;
    "N/A";
    "<interactive>";
    "/home/pesadaum/work/tcc/prototype/chip/testbenching/pulse_generator.v";
