#! /usr/local/bin/vvp
:ivl_version "11.0 (stable)" "(v11_0-132-gb2f2414f4)";
:ivl_delay_selection "TYPICAL";
:vpi_time_precision + 0;
:vpi_module "/usr/local/lib/ivl/system.vpi";
:vpi_module "/usr/local/lib/ivl/vhdl_sys.vpi";
:vpi_module "/usr/local/lib/ivl/vhdl_textio.vpi";
:vpi_module "/usr/local/lib/ivl/v2005_math.vpi";
:vpi_module "/usr/local/lib/ivl/va_math.vpi";
S_0x5602136badf0 .scope module, "q_controller" "q_controller" 2 1;
 .timescale 0 0;
    .port_info 0 /INPUT 1 "ready";
    .port_info 1 /INPUT 1 "clk";
    .port_info 2 /INPUT 10 "desired_q";
    .port_info 3 /INPUT 10 "q_meas";
    .port_info 4 /OUTPUT 10 "i_ref";
    .port_info 5 /OUTPUT 10 "obt_q";
P_0x5602136de490 .param/l "MAX_ITER" 0 2 2, +C4<00000000000000000000000000010000>;
P_0x5602136de4d0 .param/l "WIDTH" 0 2 3, +C4<00000000000000000000000000001010>;
L_0x7f17903fa018 .functor BUFT 1, C4<000000000>, C4<0>, C4<0>, C4<0>;
v0x5602136e34b0_0 .net *"_ivl_3", 8 0, L_0x7f17903fa018;  1 drivers
o0x7f1790443048 .functor BUFZ 1, C4<z>; HiZ drive
v0x560213709820_0 .net "clk", 0 0, o0x7f1790443048;  0 drivers
v0x5602137098e0_0 .var "cond", 0 0;
o0x7f17904430a8 .functor BUFZ 10, C4<zzzzzzzzzz>; HiZ drive
v0x5602137099b0_0 .net "desired_q", 9 0, o0x7f17904430a8;  0 drivers
v0x560213709a90_0 .var "f_n", 0 0;
v0x560213709ba0_0 .var "f_x0", 0 0;
v0x560213709c60_0 .var "f_x1", 0 0;
v0x560213709d20_0 .net "i_ref", 9 0, L_0x56021370a6f0;  1 drivers
v0x560213709e00_0 .var/i "iter", 31 0;
v0x560213709ee0_0 .var "obt_q", 9 0;
o0x7f17904431f8 .functor BUFZ 10, C4<zzzzzzzzzz>; HiZ drive
v0x560213709fc0_0 .net "q_meas", 9 0, o0x7f17904431f8;  0 drivers
o0x7f1790443228 .functor BUFZ 1, C4<z>; HiZ drive
v0x56021370a0a0_0 .net "ready", 0 0, o0x7f1790443228;  0 drivers
v0x56021370a160_0 .var "slope", 0 0;
v0x56021370a220_0 .var "tol", 0 0;
v0x56021370a2e0_0 .var "x0", 0 0;
v0x56021370a3a0_0 .var "x1", 0 0;
v0x56021370a460_0 .var "x_next", 0 0;
E_0x5602136f4100 .event posedge, v0x560213709820_0;
L_0x56021370a6f0 .concat [ 1 9 0 0], v0x56021370a460_0, L_0x7f17903fa018;
S_0x5602136e3320 .scope begin, "secant" "secant" 2 32, 2 32 0, S_0x5602136badf0;
 .timescale 0 0;
    .scope S_0x5602136badf0;
T_0 ;
    %pushi/vec4 0, 0, 1;
    %store/vec4 v0x56021370a2e0_0, 0, 1;
    %pushi/vec4 1, 0, 1;
    %store/vec4 v0x56021370a3a0_0, 0, 1;
    %pushi/vec4 0, 0, 1;
    %store/vec4 v0x560213709ba0_0, 0, 1;
    %pushi/vec4 0, 0, 1;
    %store/vec4 v0x560213709c60_0, 0, 1;
    %pushi/vec4 0, 0, 1;
    %store/vec4 v0x560213709a90_0, 0, 1;
    %pushi/vec4 0, 0, 1;
    %store/vec4 v0x56021370a160_0, 0, 1;
    %pushi/vec4 0, 0, 1;
    %store/vec4 v0x56021370a460_0, 0, 1;
    %pushi/vec4 0, 0, 1;
    %store/vec4 v0x56021370a220_0, 0, 1;
    %pushi/vec4 0, 0, 32;
    %store/vec4 v0x560213709e00_0, 0, 32;
    %pushi/vec4 1, 0, 1;
    %store/vec4 v0x5602137098e0_0, 0, 1;
    %end;
    .thread T_0;
    .scope S_0x5602136badf0;
T_1 ;
    %wait E_0x5602136f4100;
    %fork t_1, S_0x5602136e3320;
    %jmp t_0;
    .scope S_0x5602136e3320;
t_1 ;
    %load/vec4 v0x56021370a0a0_0;
    %nor/r;
    %flag_set/vec4 8;
    %jmp/0xz  T_1.0, 8;
    %pushi/vec4 0, 0, 1;
    %store/vec4 v0x56021370a460_0, 0, 1;
    %jmp T_1.1;
T_1.0 ;
    %pushi/vec4 0, 0, 32;
    %store/vec4 v0x560213709e00_0, 0, 32;
T_1.2 ;
    %load/vec4 v0x560213709e00_0;
    %cmpi/s 16, 0, 32;
    %jmp/0xz T_1.3, 5;
    %load/vec4 v0x560213709ba0_0;
    %load/vec4 v0x560213709c60_0;
    %sub;
    %load/vec4 v0x56021370a3a0_0;
    %load/vec4 v0x56021370a2e0_0;
    %sub;
    %div;
    %store/vec4 v0x56021370a160_0, 0, 1;
    %load/vec4 v0x56021370a3a0_0;
    %pad/u 10;
    %load/vec4 v0x560213709c60_0;
    %pad/u 10;
    %load/vec4 v0x5602137099b0_0;
    %sub;
    %load/vec4 v0x56021370a160_0;
    %pad/u 10;
    %div;
    %sub;
    %pad/u 1;
    %store/vec4 v0x56021370a460_0, 0, 1;
    %load/vec4 v0x56021370a3a0_0;
    %store/vec4 v0x56021370a2e0_0, 0, 1;
    %load/vec4 v0x56021370a460_0;
    %store/vec4 v0x56021370a3a0_0, 0, 1;
    %load/vec4 v0x560213709e00_0;
    %addi 1, 0, 32;
    %store/vec4 v0x560213709e00_0, 0, 32;
    %jmp T_1.2;
T_1.3 ;
T_1.1 ;
    %end;
    .scope S_0x5602136badf0;
t_0 %join;
    %jmp T_1;
    .thread T_1;
# The file index is used to find the file name in the following table.
:file_names 3;
    "N/A";
    "<interactive>";
    "/home/pesadaum/work/tcc/prototype/chip/q_control_secant.v";
