#! /usr/local/bin/vvp
:ivl_version "11.0 (stable)" "(v11_0-132-gb2f2414f4)";
:ivl_delay_selection "TYPICAL";
:vpi_time_precision + 0;
:vpi_module "/usr/local/lib/ivl/system.vpi";
:vpi_module "/usr/local/lib/ivl/vhdl_sys.vpi";
:vpi_module "/usr/local/lib/ivl/vhdl_textio.vpi";
:vpi_module "/usr/local/lib/ivl/v2005_math.vpi";
:vpi_module "/usr/local/lib/ivl/va_math.vpi";
S_0x56515a28d9d0 .scope module, "bisection" "bisection" 2 1;
 .timescale 0 0;
    .port_info 0 /INPUT 1 "ready";
    .port_info 1 /INPUT 1 "clk";
    .port_info 2 /INPUT 1 "rst";
    .port_info 3 /INPUT 10 "desired_q";
    .port_info 4 /INPUT 10 "measured_q";
    .port_info 5 /INPUT 10 "i_ref_setup";
    .port_info 6 /OUTPUT 10 "i_ref";
P_0x56515a28bc90 .param/l "TOL" 0 2 3, +C4<00000000000000000000000000011110>;
P_0x56515a28bcd0 .param/l "WIDTH" 0 2 2, +C4<00000000000000000000000000001010>;
v0x56515a28dec0_0 .var "a", 9 0;
v0x56515a2b4e90_0 .var "b", 9 0;
v0x56515a2b4f70_0 .var "c", 9 0;
o0x7f9c0d95f0a8 .functor BUFZ 1, C4<z>; HiZ drive
v0x56515a2b5060_0 .net "clk", 0 0, o0x7f9c0d95f0a8;  0 drivers
v0x56515a2b5120_0 .var "converged", 0 0;
o0x7f9c0d95f108 .functor BUFZ 10, C4<zzzzzzzzzz>; HiZ drive
v0x56515a2b5230_0 .net "desired_q", 9 0, o0x7f9c0d95f108;  0 drivers
v0x56515a2b5310_0 .var/s "error", 10 0;
v0x56515a2b53f0_0 .var "i_ref", 9 0;
o0x7f9c0d95f198 .functor BUFZ 10, C4<zzzzzzzzzz>; HiZ drive
v0x56515a2b54d0_0 .net "i_ref_setup", 9 0, o0x7f9c0d95f198;  0 drivers
o0x7f9c0d95f1c8 .functor BUFZ 10, C4<zzzzzzzzzz>; HiZ drive
v0x56515a2b55b0_0 .net "measured_q", 9 0, o0x7f9c0d95f1c8;  0 drivers
o0x7f9c0d95f1f8 .functor BUFZ 1, C4<z>; HiZ drive
v0x56515a2b5690_0 .net "ready", 0 0, o0x7f9c0d95f1f8;  0 drivers
o0x7f9c0d95f228 .functor BUFZ 1, C4<z>; HiZ drive
v0x56515a2b5750_0 .net "rst", 0 0, o0x7f9c0d95f228;  0 drivers
E_0x56515a29da40 .event edge, v0x56515a2b55b0_0, v0x56515a2b5230_0, v0x56515a2b5310_0;
E_0x56515a29ef00 .event edge, v0x56515a2b4f70_0;
E_0x56515a2888f0 .event posedge, v0x56515a2b5750_0, v0x56515a2b5060_0;
S_0x56515a28dce0 .scope begin, "bisection" "bisection" 2 34, 2 34 0, S_0x56515a28d9d0;
 .timescale 0 0;
    .scope S_0x56515a28d9d0;
T_0 ;
    %pushi/vec4 0, 0, 10;
    %store/vec4 v0x56515a28dec0_0, 0, 10;
    %pushi/vec4 1023, 0, 10;
    %store/vec4 v0x56515a2b4e90_0, 0, 10;
    %pushi/vec4 0, 0, 1;
    %store/vec4 v0x56515a2b5120_0, 0, 1;
    %end;
    .thread T_0;
    .scope S_0x56515a28d9d0;
T_1 ;
    %wait E_0x56515a2888f0;
    %fork t_1, S_0x56515a28dce0;
    %jmp t_0;
    .scope S_0x56515a28dce0;
t_1 ;
    %load/vec4 v0x56515a2b5750_0;
    %flag_set/vec4 8;
    %jmp/0xz  T_1.0, 8;
    %pushi/vec4 0, 0, 10;
    %store/vec4 v0x56515a28dec0_0, 0, 10;
    %pushi/vec4 1023, 0, 10;
    %store/vec4 v0x56515a2b4e90_0, 0, 10;
    %pushi/vec4 0, 0, 1;
    %store/vec4 v0x56515a2b5120_0, 0, 1;
T_1.0 ;
    %load/vec4 v0x56515a2b5690_0;
    %nor/r;
    %flag_set/vec4 8;
    %jmp/0xz  T_1.2, 8;
    %pushi/vec4 0, 0, 10;
    %assign/vec4 v0x56515a2b4f70_0, 0;
    %jmp T_1.3;
T_1.2 ;
    %load/vec4 v0x56515a2b5120_0;
    %nor/r;
    %flag_set/vec4 8;
    %jmp/0xz  T_1.4, 8;
    %load/vec4 v0x56515a28dec0_0;
    %pad/u 32;
    %load/vec4 v0x56515a2b4e90_0;
    %pad/u 32;
    %add;
    %pushi/vec4 2, 0, 32;
    %div;
    %pad/u 10;
    %assign/vec4 v0x56515a2b4f70_0, 0;
    %load/vec4 v0x56515a2b5310_0;
    %pad/s 32;
    %cmpi/s 30, 0, 32;
    %jmp/0xz  T_1.6, 5;
    %pushi/vec4 1, 0, 1;
    %assign/vec4 v0x56515a2b5120_0, 0;
    %jmp T_1.7;
T_1.6 ;
    %load/vec4 v0x56515a2b55b0_0;
    %load/vec4 v0x56515a2b5230_0;
    %cmp/u;
    %jmp/0xz  T_1.8, 5;
    %load/vec4 v0x56515a2b4f70_0;
    %assign/vec4 v0x56515a28dec0_0, 0;
    %jmp T_1.9;
T_1.8 ;
    %load/vec4 v0x56515a2b5230_0;
    %load/vec4 v0x56515a2b55b0_0;
    %cmp/u;
    %jmp/0xz  T_1.10, 5;
    %load/vec4 v0x56515a2b4f70_0;
    %assign/vec4 v0x56515a2b4e90_0, 0;
    %jmp T_1.11;
T_1.10 ;
    %pushi/vec4 0, 0, 1;
    %assign/vec4 v0x56515a2b5120_0, 0;
T_1.11 ;
T_1.9 ;
T_1.7 ;
T_1.4 ;
T_1.3 ;
    %end;
    .scope S_0x56515a28d9d0;
t_0 %join;
    %jmp T_1;
    .thread T_1;
    .scope S_0x56515a28d9d0;
T_2 ;
    %wait E_0x56515a29ef00;
    %load/vec4 v0x56515a2b4f70_0;
    %assign/vec4 v0x56515a2b53f0_0, 0;
    %jmp T_2;
    .thread T_2, $push;
    .scope S_0x56515a28d9d0;
T_3 ;
    %wait E_0x56515a29da40;
    %load/vec4 v0x56515a2b55b0_0;
    %pad/u 11;
    %load/vec4 v0x56515a2b5230_0;
    %pad/u 11;
    %sub;
    %store/vec4 v0x56515a2b5310_0, 0, 11;
    %load/vec4 v0x56515a2b5310_0;
    %pad/s 32;
    %cmpi/s 0, 0, 32;
    %flag_or 5, 4; GT is !LE
    %flag_inv 5;
    %flag_mov 8, 5;
    %jmp/0 T_3.0, 8;
    %load/vec4 v0x56515a2b5310_0;
    %jmp/1 T_3.1, 8;
T_3.0 ; End of true expr.
    %load/vec4 v0x56515a2b5310_0;
    %inv;
    %pushi/vec4 1, 0, 11;
    %add;
    %jmp/0 T_3.1, 8;
 ; End of false expr.
    %blend;
T_3.1;
    %store/vec4 v0x56515a2b5310_0, 0, 11;
    %jmp T_3;
    .thread T_3, $push;
# The file index is used to find the file name in the following table.
:file_names 3;
    "N/A";
    "<interactive>";
    "/home/pesadaum/work/tcc/src/asic/control/synthesis/bisection.v";
