#! /usr/local/bin/vvp
:ivl_version "11.0 (stable)" "(v11_0-132-gb2f2414f4)";
:ivl_delay_selection "TYPICAL";
:vpi_time_precision + 0;
:vpi_module "/usr/local/lib/ivl/system.vpi";
:vpi_module "/usr/local/lib/ivl/vhdl_sys.vpi";
:vpi_module "/usr/local/lib/ivl/vhdl_textio.vpi";
:vpi_module "/usr/local/lib/ivl/v2005_math.vpi";
:vpi_module "/usr/local/lib/ivl/va_math.vpi";
:vpi_module "/usr/local/lib/ivl/v2009.vpi";
S_0x56083ef48db0 .scope package, "$unit" "$unit" 2 1;
 .timescale 0 0;
S_0x56083ef48f40 .scope module, "instability_detect" "instability_detect" 3 1;
 .timescale 0 0;
    .port_info 0 /INPUT 1 "clk";
    .port_info 1 /INPUT 1 "rst";
    .port_info 2 /INPUT 10 "q_measured";
    .port_info 3 /OUTPUT 10 "i_ref_setup";
P_0x56083ef49c70 .param/l "DELTA" 0 3 3, +C4<00000000000000000000000100101100>;
P_0x56083ef49cb0 .param/l "IREF_DELTA" 0 3 4, +C4<00000000000000000000000000110010>;
P_0x56083ef49cf0 .param/l "WIDTH" 0 3 2, +C4<00000000000000000000000000001010>;
o0x7f40ec891018 .functor BUFZ 1, C4<z>; HiZ drive
v0x56083ef6faa0_0 .net "clk", 0 0, o0x7f40ec891018;  0 drivers
v0x56083ef936a0_0 .var "curr_q", 9 0;
v0x56083ef93780_0 .var "found", 0 0;
v0x56083ef93850_0 .var "i_ref_setup", 9 0;
v0x56083ef93930_0 .var "last_q", 9 0;
o0x7f40ec891108 .functor BUFZ 10, C4<zzzzzzzzzz>; HiZ drive
v0x56083ef93a60_0 .net "q_measured", 9 0, o0x7f40ec891108;  0 drivers
o0x7f40ec891138 .functor BUFZ 1, C4<z>; HiZ drive
v0x56083ef93b40_0 .net "rst", 0 0, o0x7f40ec891138;  0 drivers
E_0x56083ef816c0 .event posedge, v0x56083ef6faa0_0;
E_0x56083ef49850 .event edge, v0x56083ef93b40_0;
    .scope S_0x56083ef48f40;
T_0 ;
    %pushi/vec4 0, 0, 1;
    %store/vec4 v0x56083ef93780_0, 0, 1;
    %end;
    .thread T_0, $init;
    .scope S_0x56083ef48f40;
T_1 ;
    %wait E_0x56083ef49850;
    %load/vec4 v0x56083ef93b40_0;
    %flag_set/vec4 8;
    %jmp/0xz  T_1.0, 8;
    %pushi/vec4 1, 0, 10;
    %store/vec4 v0x56083ef93850_0, 0, 10;
    %jmp T_1.1;
T_1.0 ;
    %pushi/vec4 0, 0, 10;
    %store/vec4 v0x56083ef93850_0, 0, 10;
T_1.1 ;
    %jmp T_1;
    .thread T_1, $push;
    .scope S_0x56083ef48f40;
T_2 ;
    %wait E_0x56083ef816c0;
    %load/vec4 v0x56083ef936a0_0;
    %assign/vec4 v0x56083ef93930_0, 0;
    %load/vec4 v0x56083ef93a60_0;
    %assign/vec4 v0x56083ef936a0_0, 0;
    %load/vec4 v0x56083ef93930_0;
    %pad/u 32;
    %load/vec4 v0x56083ef936a0_0;
    %pad/u 32;
    %sub;
    %cmpi/u 300, 0, 32;
    %flag_or 5, 4; GT is !LE
    %flag_inv 5;
    %jmp/0xz  T_2.0, 5;
    %pushi/vec4 1, 0, 1;
    %assign/vec4 v0x56083ef93780_0, 0;
    %jmp T_2.1;
T_2.0 ;
    %pushi/vec4 0, 0, 1;
    %assign/vec4 v0x56083ef93780_0, 0;
T_2.1 ;
    %load/vec4 v0x56083ef93780_0;
    %nor/r;
    %flag_set/vec4 8;
    %jmp/0xz  T_2.2, 8;
    %load/vec4 v0x56083ef93850_0;
    %pad/u 32;
    %subi 50, 0, 32;
    %pad/u 10;
    %assign/vec4 v0x56083ef93850_0, 0;
T_2.2 ;
    %jmp T_2;
    .thread T_2;
# The file index is used to find the file name in the following table.
:file_names 4;
    "N/A";
    "<interactive>";
    "-";
    "/home/pesadaum/work/tcc/src/chip/instability/instability_detect.v";
