###############################################################
#  Generated by:      Cadence Innovus 21.18-s099_1
#  OS:                Linux x86_64(Host ID cadence)
#  Generated on:      Sun Sep 29 18:42:55 2024
#  Design:            top
#  Command:           check_drc
###############################################################
#set_verify_drc_mode -check_ndr_spacing auto -check_only default -check_same_via_cell true -disable_rules "" -exclude_pg_net false -ignore_cell_blockage false -ignore_trial_route false -limit 1000 -report top.drc.rpt -use_min_spacing_on_block_obs auto

MINWIDTH: ( Minimum Width ) Regular Wire of Net i_ref_out[7]  ( Metal2 )
Bounds : ( 0.000, 30.810 ) ( 0.340, 30.870 )


MINWIDTH: ( Minimum Width ) Regular Wire of Net i_ref_out[8]  ( Metal2 )
Bounds : ( 0.000, 33.765 ) ( 0.340, 33.825 )


MINWIDTH: ( Minimum Width ) Regular Wire of Net i_ref_out[9]  ( Metal2 )
Bounds : ( 0.000, 38.040 ) ( 0.340, 38.100 )


MINWIDTH: ( Minimum Width ) Regular Wire of Net clk  ( Metal2 )
Bounds : ( 9.970, 61.030 ) ( 10.030, 61.370 )


MINWIDTH: ( Minimum Width ) Regular Wire of Net enable  ( Metal2 )
Bounds : ( 24.170, 61.030 ) ( 24.230, 61.370 )


MINWIDTH: ( Minimum Width ) Regular Wire of Net rst  ( Metal2 )
Bounds : ( 38.370, 61.030 ) ( 38.430, 61.370 )


MINWIDTH: ( Minimum Width ) Regular Wire of Net q_desired[2]  ( Metal2 )
Bounds : ( 63.460, 32.000 ) ( 63.800, 32.060 )


MINWIDTH: ( Minimum Width ) Regular Wire of Net q_desired[1]  ( Metal2 )
Bounds : ( 63.460, 35.130 ) ( 63.800, 35.190 )


MINWIDTH: ( Minimum Width ) Regular Wire of Net q_desired[0]  ( Metal2 )
Bounds : ( 63.460, 37.710 ) ( 63.800, 37.770 )


SHORT: ( Metal Short ) Regular Wire of Net n_76 & Pin of Cell g3482__1666  ( Metal1 )
Bounds : ( 12.960, 45.475 ) ( 13.020, 45.535 )


SPACING: ( ParallelRunLength Spacing ) Regular Wire of Net CTS_3 & Pin of Cell CTS_ccl_a_buf_00005  ( Metal1 )
Bounds : ( 10.235, 34.215 ) ( 10.365, 34.255 )


MINWIDTH: ( Minimum Width ) Regular Wire of Net q_desired[7]  ( Metal2 )
Bounds : ( 63.460, 17.510 ) ( 63.800, 17.570 )


MINWIDTH: ( Minimum Width ) Regular Wire of Net q_desired[8]  ( Metal2 )
Bounds : ( 63.460, 14.385 ) ( 63.800, 14.445 )


MINWIDTH: ( Minimum Width ) Regular Wire of Net q_desired[9]  ( Metal2 )
Bounds : ( 63.460, 10.680 ) ( 63.800, 10.740 )


MINWIDTH: ( Minimum Width ) Regular Wire of Net q_serialized  ( Metal2 )
Bounds : ( 38.170, 0.000 ) ( 38.230, 0.340 )


MINWIDTH: ( Minimum Width ) Regular Wire of Net q_desired[6]  ( Metal2 )
Bounds : ( 63.460, 20.255 ) ( 63.800, 20.315 )


MINWIDTH: ( Minimum Width ) Regular Wire of Net q_desired[5]  ( Metal2 )
Bounds : ( 63.460, 23.380 ) ( 63.800, 23.440 )


MINWIDTH: ( Minimum Width ) Regular Wire of Net q_desired[4]  ( Metal2 )
Bounds : ( 63.460, 26.130 ) ( 63.800, 26.190 )


MINWIDTH: ( Minimum Width ) Regular Wire of Net q_desired[3]  ( Metal2 )
Bounds : ( 63.460, 29.255 ) ( 63.800, 29.315 )


SHORT: ( Metal Short ) Regular Wire of Net n_9 & Regular Wire of Net CTS_1  ( Metal2 )
Bounds : ( 36.460, 12.000 ) ( 36.540, 12.130 )


SHORT: ( Metal Short ) Regular Wire of Net n_130 & Regular Wire of Net CTS_1  ( Metal2 )
Bounds : ( 36.460, 15.445 ) ( 36.540, 15.525 )


MINWIDTH: ( Minimum Width ) Regular Wire of Net start  ( Metal2 )
Bounds : ( 10.570, 0.000 ) ( 10.630, 2.985 )


MINWIDTH: ( Minimum Width ) Regular Wire of Net i_ref_out[0]  ( Metal2 )
Bounds : ( 0.000, 9.970 ) ( 0.340, 10.030 )


MINWIDTH: ( Minimum Width ) Regular Wire of Net i_ref_out[1]  ( Metal2 )
Bounds : ( 0.000, 13.090 ) ( 0.340, 13.150 )


MINWIDTH: ( Minimum Width ) Regular Wire of Net i_ref_out[2]  ( Metal2 )
Bounds : ( 0.000, 16.040 ) ( 0.340, 16.100 )


MINWIDTH: ( Minimum Width ) Regular Wire of Net i_ref_out[3]  ( Metal2 )
Bounds : ( 0.000, 18.995 ) ( 0.340, 19.055 )


MINWIDTH: ( Minimum Width ) Regular Wire of Net i_ref_out[4]  ( Metal2 )
Bounds : ( 0.000, 21.950 ) ( 0.340, 22.010 )


MINWIDTH: ( Minimum Width ) Regular Wire of Net i_ref_out[5]  ( Metal2 )
Bounds : ( 0.000, 24.900 ) ( 0.340, 24.960 )


MINWIDTH: ( Minimum Width ) Regular Wire of Net i_ref_out[6]  ( Metal2 )
Bounds : ( 0.000, 27.855 ) ( 0.340, 27.915 )


SHORT: ( Metal Short ) Regular Wire of Net i_ref_sampling_inst_i_ref_smp_1[4] & Pin of Cell g3513__5115  ( Metal1 )
Bounds : ( 7.360, 27.805 ) ( 7.420, 27.865 )


SHORT: ( Metal Short ) Regular Wire of Net CTS_3 & Blockage of Cell g3477__6161  ( Metal1 )
Bounds : ( 8.445, 11.835 ) ( 8.505, 11.915 )


SHORT: ( Metal Short ) Regular Wire of Net i_ref_sampling_inst_i_ref_smp_1[2] & Pin of Cell g3511__6131  ( Metal1 )
Bounds : ( 10.760, 14.695 ) ( 10.820, 14.755 )


SHORT: ( Metal Short ) Regular Wire of Net i_ref_sampling_inst_i_ref_smp_3[3] & Pin of Cell g3515__4733  ( Metal1 )
Bounds : ( 12.160, 24.385 ) ( 12.220, 24.445 )


SHORT: ( Metal Short ) Regular Wire of Net n_99 & Pin of Cell g3402__9315  ( Metal1 )
Bounds : ( 21.160, 27.805 ) ( 21.220, 27.865 )


EndOfLine: ( EndOfLine Spacing ) Regular Wire of Net CTS_3 & Pin of Cell g3477__6161  ( Metal1 )
Bounds : ( 8.565, 11.835 ) ( 8.635, 11.915 )


  Total Violations : 35 Viols.
