###############################################################
#  Generated by:      Cadence Innovus 21.18-s099_1
#  OS:                Linux x86_64(Host ID cadence)
#  Generated on:      Sun Sep 29 18:05:10 2024
#  Design:            top
#  Command:           check_drc
###############################################################

MINWIDTH: ( Minimum Width ) Regular Wire of Net clk  ( Metal2 )
Bounds : ( 9.970, 49.440 ) ( 10.030, 49.780 )


MINWIDTH: ( Minimum Width ) Regular Wire of Net i_ref_out[9]  ( Metal2 )
Bounds : ( 0.000, 38.040 ) ( 0.340, 38.100 )


MINWIDTH: ( Minimum Width ) Regular Wire of Net i_ref_out[8]  ( Metal2 )
Bounds : ( 0.000, 33.765 ) ( 0.340, 33.825 )


MINWIDTH: ( Minimum Width ) Regular Wire of Net i_ref_out[7]  ( Metal2 )
Bounds : ( 0.000, 30.810 ) ( 0.340, 30.870 )


MINWIDTH: ( Minimum Width ) Regular Wire of Net i_ref_out[6]  ( Metal2 )
Bounds : ( 0.000, 27.855 ) ( 0.340, 27.915 )


MINWIDTH: ( Minimum Width ) Regular Wire of Net i_ref_out[5]  ( Metal2 )
Bounds : ( 0.000, 24.900 ) ( 0.340, 24.960 )


MINWIDTH: ( Minimum Width ) Regular Wire of Net enable  ( Metal2 )
Bounds : ( 24.170, 49.440 ) ( 24.230, 49.780 )


MINWIDTH: ( Minimum Width ) Regular Wire of Net rst  ( Metal2 )
Bounds : ( 38.370, 45.655 ) ( 38.430, 49.780 )


MINWIDTH: ( Minimum Width ) Regular Wire of Net q_desired[4]  ( Metal2 )
Bounds : ( 52.460, 26.130 ) ( 52.800, 26.190 )


MINWIDTH: ( Minimum Width ) Regular Wire of Net q_desired[3]  ( Metal2 )
Bounds : ( 52.460, 29.255 ) ( 52.800, 29.315 )


MINWIDTH: ( Minimum Width ) Regular Wire of Net q_desired[2]  ( Metal2 )
Bounds : ( 52.460, 32.000 ) ( 52.800, 32.060 )


MINWIDTH: ( Minimum Width ) Regular Wire of Net q_desired[1]  ( Metal2 )
Bounds : ( 52.460, 35.130 ) ( 52.800, 35.190 )


MINWIDTH: ( Minimum Width ) Regular Wire of Net q_desired[0]  ( Metal2 )
Bounds : ( 52.460, 37.710 ) ( 52.800, 37.770 )


SHORT: ( Metal Short ) Regular Wire of Net i_ref_sampling_inst_i_ref_smp_2[7] & Pin of Cell g3517__9315  ( Metal1 )
Bounds : ( 4.360, 39.965 ) ( 4.420, 40.025 )


SHORT: ( Metal Short ) Regular Wire of Net n_67 & Pin of Cell g3503__6783  ( Metal1 )
Bounds : ( 26.160, 43.385 ) ( 26.220, 43.445 )


SPACING: ( ParallelRunLength Spacing ) Regular Wire of Net CTS_2 & Pin of Cell CTS_ccl_a_buf_00004  ( Metal1 )
Bounds : ( 10.435, 42.955 ) ( 10.565, 42.995 )


SPACING: ( ParallelRunLength Spacing ) Regular Wire of Net CTS_1 & Pin of Cell CTS_ccl_a_buf_00003  ( Metal1 )
Bounds : ( 24.035, 42.955 ) ( 24.165, 42.995 )


MINWIDTH: ( Minimum Width ) Regular Wire of Net start  ( Metal2 )
Bounds : ( 10.570, 0.000 ) ( 10.630, 2.035 )


MINWIDTH: ( Minimum Width ) Regular Wire of Net i_ref_out[4]  ( Metal2 )
Bounds : ( 0.000, 21.950 ) ( 0.340, 22.010 )


MINWIDTH: ( Minimum Width ) Regular Wire of Net i_ref_out[3]  ( Metal2 )
Bounds : ( 0.000, 18.995 ) ( 0.340, 19.055 )


MINWIDTH: ( Minimum Width ) Regular Wire of Net i_ref_out[2]  ( Metal2 )
Bounds : ( 0.000, 16.040 ) ( 0.340, 16.100 )


MINWIDTH: ( Minimum Width ) Regular Wire of Net i_ref_out[1]  ( Metal2 )
Bounds : ( 0.000, 13.090 ) ( 0.340, 13.150 )


MINWIDTH: ( Minimum Width ) Regular Wire of Net i_ref_out[0]  ( Metal2 )
Bounds : ( 0.000, 9.970 ) ( 0.340, 10.030 )


MINWIDTH: ( Minimum Width ) Regular Wire of Net q_serialized  ( Metal2 )
Bounds : ( 38.170, 0.000 ) ( 38.230, 3.365 )


MINWIDTH: ( Minimum Width ) Regular Wire of Net q_desired[9]  ( Metal2 )
Bounds : ( 52.460, 10.680 ) ( 52.800, 10.740 )


MINWIDTH: ( Minimum Width ) Regular Wire of Net q_desired[8]  ( Metal2 )
Bounds : ( 52.460, 14.385 ) ( 52.800, 14.445 )


MINWIDTH: ( Minimum Width ) Regular Wire of Net q_desired[7]  ( Metal2 )
Bounds : ( 52.460, 17.510 ) ( 52.800, 17.570 )


MINWIDTH: ( Minimum Width ) Regular Wire of Net q_desired[6]  ( Metal2 )
Bounds : ( 52.460, 20.255 ) ( 52.800, 20.315 )


MINWIDTH: ( Minimum Width ) Regular Wire of Net q_desired[5]  ( Metal2 )
Bounds : ( 52.460, 23.380 ) ( 52.800, 23.440 )


SHORT: ( Metal Short ) Regular Wire of Net CTS_3 & Blockage of Cell g3480__2883  ( Metal1 )
Bounds : ( 7.045, 17.155 ) ( 7.105, 17.235 )


EndOfLine: ( EndOfLine Spacing ) Regular Wire of Net n_16 & Regular Wire of Net CTS_3  ( Metal1 )
Bounds : ( 7.165, 17.155 ) ( 7.235, 17.235 )


SPACING: ( ParallelRunLength Spacing ) Regular Wire of Net CTS_3 & Pin of Cell CTS_ccl_a_buf_00005  ( Metal1 )
Bounds : ( 11.635, 13.625 ) ( 11.765, 13.665 )


SPACING: ( ParallelRunLength Spacing ) Regular Wire of Net CTS_5 & Pin of Cell CTS_ccl_a_buf_00001  ( Metal1 )
Bounds : ( 28.235, 19.015 ) ( 28.365, 19.055 )


  Total Violations : 33 Viols.
