###############################################################
#  Generated by:      Cadence Innovus 21.18-s099_1
#  OS:                Linux x86_64(Host ID cadence)
#  Generated on:      Sun Sep 29 15:15:49 2024
#  Design:            top
#  Command:           check_pin_assignment
###############################################################

Start Checking pins of top cell: [top] 
Summary report for top level: [top] 
	Total Pins                         : 25
	Unplaced Pins                      : 25
End of Summary report
End Checking pins of top cell: [top] 


===========================================================================================================================
                                                checkPinAssignment Summary
===========================================================================================================================
Partition   | pads  | pins   | legal  | illegal | internal | internal illegal | FT     | FT illegal | constant | unplaced |
===========================================================================================================================
top         |     0 |     25 |      0 |       0 |        0 |                0 |      0 |          0 |        0 |       25 |
===========================================================================================================================
TOTAL       |     0 |     25 |      0 |       0 |        0 |                0 |      0 |          0 |        0 |       25 |
===========================================================================================================================
