============================================================
  Generated by:           Genus(TM) Synthesis Solution 21.16-s062_1
  Generated on:           Sep 24 2024  09:40:14 pm
  Module:                 top
  Operating conditions:   PVT_0P9V_125C (balanced_tree)
  Wireload mode:          enclosed
  Area mode:              timing library
============================================================

Timing
-------
  Cost    Critical         Violating 
 Group   Path Slack  TNS     Paths   
-------------------------------------
default    No paths   0.0            
-------------------------------------
Total                 0.0          0 

Instance Count
--------------
Leaf Instance Count             0 
Physical Instance count         0 
Sequential Instance Count       0 
Combinational Instance Count    0 
Hierarchical Instance Count     4 

Area
----
Cell Area                          0.000
Physical Cell Area                 0.000
Total Cell Area (Cell+Physical)    0.000
Net Area                           0.000
Total Area (Cell+Physical+Net)     0.000

Max Fanout                         3 (clk)
Min Fanout                         1 (i_ref_max_w[0])
Average Fanout                     1.3
Terms to net ratio                 0.0000
Runtime                            33.995903 seconds
Elapsed Runtime                    57 seconds
Genus peak memory usage            1409.21 
Innovus peak memory usage          no_value 
Hostname                           cadence
